time=2026-05-07T07:55:49.356+10:00 level=INFO msg="Setting up the Controllers"
time=2026-05-07T07:55:49.360+10:00 level=INFO msg="Setting up the Mux"
time=2026-05-07T07:55:49.360+10:00 level=INFO msg="calling setupGracefulShutdown"
time=2026-05-07T07:55:49.361+10:00 level=INFO msg="starting the server..."
time=2026-05-07T07:57:23.770+10:00 level=INFO msg="received shutdown signal..."
time=2026-05-07T07:57:23.770+10:00 level=INFO msg="HTTP server stopped"
time=2026-05-07T07:57:43.906+10:00 level=INFO msg="Setting up the Controllers"
time=2026-05-07T07:57:43.908+10:00 level=INFO msg="Setting up the Mux"
time=2026-05-07T07:57:43.908+10:00 level=INFO msg="calling setupGracefulShutdown"
time=2026-05-07T07:57:43.908+10:00 level=INFO msg="starting the server..."
time=2026-05-07T07:59:05.957+10:00 level=INFO msg="received shutdown signal..."
time=2026-05-07T07:59:05.958+10:00 level=INFO msg="HTTP server stopped"
time=2026-05-07T07:59:07.965+10:00 level=INFO msg="Setting up the Controllers"
time=2026-05-07T07:59:07.966+10:00 level=INFO msg="Setting up the Mux"
time=2026-05-07T07:59:07.967+10:00 level=INFO msg="calling setupGracefulShutdown"
time=2026-05-07T07:59:07.967+10:00 level=INFO msg="starting the server..."
time=2026-05-07T08:09:01.693+10:00 level=INFO msg="received shutdown signal..."
time=2026-05-07T08:09:01.694+10:00 level=INFO msg="HTTP server stopped"
time=2026-05-07T08:09:02.793+10:00 level=INFO msg="Setting up the Controllers"
time=2026-05-07T08:09:02.795+10:00 level=INFO msg="Setting up the Mux"
time=2026-05-07T08:09:02.795+10:00 level=INFO msg="calling setupGracefulShutdown"
time=2026-05-07T08:09:02.795+10:00 level=INFO msg="starting the server..."
time=2026-05-07T08:14:29.710+10:00 level=INFO msg="received shutdown signal..."
time=2026-05-07T08:14:29.711+10:00 level=INFO msg="HTTP server stopped"
time=2026-05-07T08:14:30.854+10:00 level=INFO msg="Setting up the Controllers"
time=2026-05-07T08:14:30.855+10:00 level=INFO msg="Setting up the Mux"
time=2026-05-07T08:14:30.855+10:00 level=INFO msg="calling setupGracefulShutdown"
time=2026-05-07T08:14:30.855+10:00 level=INFO msg="starting the server..."
time=2026-05-07T08:17:05.987+10:00 level=INFO msg="received shutdown signal..."
time=2026-05-07T08:17:05.988+10:00 level=INFO msg="HTTP server stopped"
time=2026-05-07T08:17:07.350+10:00 level=INFO msg="Setting up the Controllers"
time=2026-05-07T08:17:07.352+10:00 level=INFO msg="Setting up the Mux"
time=2026-05-07T08:17:07.352+10:00 level=INFO msg="calling setupGracefulShutdown"
time=2026-05-07T08:17:07.353+10:00 level=INFO msg="starting the server..."
time=2026-05-07T08:19:10.698+10:00 level=INFO msg="received shutdown signal..."
time=2026-05-07T08:19:10.699+10:00 level=INFO msg="HTTP server stopped"
time=2026-05-07T08:19:11.867+10:00 level=INFO msg="Setting up the Controllers"
time=2026-05-07T08:19:11.869+10:00 level=INFO msg="Setting up the Mux"
time=2026-05-07T08:19:11.870+10:00 level=INFO msg="calling setupGracefulShutdown"
time=2026-05-07T08:19:11.870+10:00 level=INFO msg="starting the server..."
time=2026-05-07T08:22:15.167+10:00 level=INFO msg="received shutdown signal..."
time=2026-05-07T08:22:15.168+10:00 level=INFO msg="HTTP server stopped"
time=2026-05-07T08:22:16.331+10:00 level=INFO msg="Setting up the Controllers"
time=2026-05-07T08:22:16.333+10:00 level=INFO msg="Setting up the Mux"
time=2026-05-07T08:22:16.333+10:00 level=INFO msg="calling setupGracefulShutdown"
time=2026-05-07T08:22:16.333+10:00 level=INFO msg="starting the server..."
time=2026-05-07T08:27:05.763+10:00 level=INFO msg="received shutdown signal..."
time=2026-05-07T08:27:05.764+10:00 level=INFO msg="HTTP server stopped"
time=2026-05-07T08:27:07.793+10:00 level=INFO msg="Setting up the Controllers"
time=2026-05-07T08:27:07.795+10:00 level=INFO msg="Setting up the Mux"
time=2026-05-07T08:27:07.795+10:00 level=INFO msg="calling setupGracefulShutdown"
time=2026-05-07T08:27:07.795+10:00 level=INFO msg="starting the server..."
time=2026-05-07T08:32:56.621+10:00 level=INFO msg="received shutdown signal..."
time=2026-05-07T08:32:56.622+10:00 level=INFO msg="HTTP server stopped"
time=2026-05-07T08:32:58.433+10:00 level=INFO msg="Setting up the Controllers"
time=2026-05-07T08:32:58.436+10:00 level=INFO msg="Setting up the Mux"
time=2026-05-07T08:32:58.436+10:00 level=INFO msg="calling setupGracefulShutdown"
time=2026-05-07T08:32:58.437+10:00 level=INFO msg="starting the server..."
time=2026-05-07T08:34:26.243+10:00 level=INFO msg="received shutdown signal..."
time=2026-05-07T08:34:26.244+10:00 level=INFO msg="HTTP server stopped"
time=2026-05-07T08:34:27.397+10:00 level=INFO msg="Setting up the Controllers"
time=2026-05-07T08:34:27.399+10:00 level=INFO msg="Setting up the Mux"
time=2026-05-07T08:34:27.399+10:00 level=INFO msg="calling setupGracefulShutdown"
time=2026-05-07T08:34:27.400+10:00 level=INFO msg="starting the server..."
time=2026-05-07T08:37:09.488+10:00 level=INFO msg="received shutdown signal..."
time=2026-05-07T08:37:09.488+10:00 level=INFO msg="HTTP server stopped"
time=2026-05-07T08:37:10.955+10:00 level=INFO msg="Setting up the Controllers"
time=2026-05-07T08:37:10.957+10:00 level=INFO msg="Setting up the Mux"
time=2026-05-07T08:37:10.957+10:00 level=INFO msg="calling setupGracefulShutdown"
time=2026-05-07T08:37:10.957+10:00 level=INFO msg="starting the server..."
time=2026-05-07T08:52:13.888+10:00 level=INFO msg="received shutdown signal..."
time=2026-05-07T08:52:13.889+10:00 level=INFO msg="HTTP server stopped"
time=2026-05-07T08:52:15.513+10:00 level=INFO msg="Setting up the Controllers"
time=2026-05-07T08:52:15.516+10:00 level=INFO msg="Setting up the Mux"
time=2026-05-07T08:52:15.517+10:00 level=INFO msg="calling setupGracefulShutdown"
time=2026-05-07T08:52:15.517+10:00 level=INFO msg="starting the server..."
time=2026-05-07T09:08:46.988+10:00 level=INFO msg="received shutdown signal..."
time=2026-05-07T09:08:46.989+10:00 level=INFO msg="HTTP server stopped"
