time=2026-05-04T13:32:05.151+10:00 level=INFO msg="Setting up the Controllers"
time=2026-05-04T13:32:05.155+10:00 level=INFO msg="Setting up the Mux"
time=2026-05-04T13:32:05.155+10:00 level=INFO msg="calling setupGracefulShutdown"
time=2026-05-04T13:32:05.155+10:00 level=INFO msg="starting the server..."
time=2026-05-04T13:37:00.805+10:00 level=INFO msg="received shutdown signal..."
time=2026-05-04T13:37:00.806+10:00 level=INFO msg="HTTP server stopped"
time=2026-05-04T13:37:01.969+10:00 level=INFO msg="Setting up the Controllers"
time=2026-05-04T13:37:01.972+10:00 level=INFO msg="Setting up the Mux"
time=2026-05-04T13:37:01.972+10:00 level=INFO msg="calling setupGracefulShutdown"
time=2026-05-04T13:37:01.972+10:00 level=INFO msg="starting the server..."
time=2026-05-04T13:41:25.066+10:00 level=INFO msg="received shutdown signal..."
time=2026-05-04T13:41:25.066+10:00 level=INFO msg="HTTP server stopped"
time=2026-05-04T13:41:26.515+10:00 level=INFO msg="Setting up the Controllers"
time=2026-05-04T13:41:26.517+10:00 level=INFO msg="Setting up the Mux"
time=2026-05-04T13:41:26.517+10:00 level=INFO msg="calling setupGracefulShutdown"
time=2026-05-04T13:41:26.517+10:00 level=INFO msg="starting the server..."
time=2026-05-04T13:45:11.551+10:00 level=INFO msg="received shutdown signal..."
time=2026-05-04T13:45:11.551+10:00 level=INFO msg="HTTP server stopped"
time=2026-05-04T13:45:12.813+10:00 level=INFO msg="Setting up the Controllers"
time=2026-05-04T13:45:12.815+10:00 level=INFO msg="Setting up the Mux"
time=2026-05-04T13:45:12.815+10:00 level=INFO msg="calling setupGracefulShutdown"
time=2026-05-04T13:45:12.815+10:00 level=INFO msg="starting the server..."
time=2026-05-04T13:45:27.244+10:00 level=INFO msg="Create New User: " "Email - "=jimmy@email.com
time=2026-05-04T13:46:51.654+10:00 level=INFO msg="received shutdown signal..."
time=2026-05-04T13:46:51.654+10:00 level=INFO msg="HTTP server stopped"
time=2026-05-04T13:46:53.152+10:00 level=INFO msg="Setting up the Controllers"
time=2026-05-04T13:46:53.155+10:00 level=INFO msg="Setting up the Mux"
time=2026-05-04T13:46:53.155+10:00 level=INFO msg="calling setupGracefulShutdown"
time=2026-05-04T13:46:53.155+10:00 level=INFO msg="starting the server..."
time=2026-05-04T13:47:11.042+10:00 level=INFO msg="Create New User: " Email=happy@email.com
time=2026-05-04T13:49:39.346+10:00 level=INFO msg="received shutdown signal..."
time=2026-05-04T13:49:39.346+10:00 level=INFO msg="HTTP server stopped"
