time=2026-05-05T09:17:39.600+10:00 level=INFO msg="Setting up the Controllers"
time=2026-05-05T09:17:39.603+10:00 level=INFO msg="Setting up the Mux"
time=2026-05-05T09:17:39.604+10:00 level=INFO msg="calling setupGracefulShutdown"
time=2026-05-05T09:17:39.604+10:00 level=INFO msg="starting the server..."
time=2026-05-05T09:18:53.869+10:00 level=INFO msg="received shutdown signal..."
time=2026-05-05T09:18:53.869+10:00 level=INFO msg="HTTP server stopped"
time=2026-05-05T09:18:55.016+10:00 level=INFO msg="Setting up the Controllers"
time=2026-05-05T09:18:55.018+10:00 level=INFO msg="Setting up the Mux"
time=2026-05-05T09:18:55.018+10:00 level=INFO msg="calling setupGracefulShutdown"
time=2026-05-05T09:18:55.018+10:00 level=INFO msg="starting the server..."
time=2026-05-05T09:19:13.234+10:00 level=INFO msg="SendMail with \nreciepient: alice@example.com\nsubject: Verification Code\nbody: 474398"
time=2026-05-05T09:19:13.234+10:00 level=INFO msg="Calling smtp.Sendmail..."
time=2026-05-05T09:19:21.212+10:00 level=INFO msg="--> UserController: ProcessOTP"
time=2026-05-05T09:19:49.134+10:00 level=INFO msg="SendMail with \nreciepient: alice@example.com\nsubject: Verification Code\nbody: 461866"
time=2026-05-05T09:19:49.135+10:00 level=INFO msg="Calling smtp.Sendmail..."
time=2026-05-05T09:20:03.661+10:00 level=INFO msg="--> UserController: ProcessOTP"
time=2026-05-05T09:21:48.084+10:00 level=INFO msg="received shutdown signal..."
time=2026-05-05T09:21:48.085+10:00 level=INFO msg="HTTP server stopped"
time=2026-05-05T09:21:49.359+10:00 level=INFO msg="Setting up the Controllers"
time=2026-05-05T09:21:49.361+10:00 level=INFO msg="Setting up the Mux"
time=2026-05-05T09:21:49.362+10:00 level=INFO msg="calling setupGracefulShutdown"
time=2026-05-05T09:21:49.362+10:00 level=INFO msg="starting the server..."
time=2026-05-05T09:21:59.801+10:00 level=INFO msg="SendMail with \nreciepient: alice@example.com\nsubject: Verification Code\nbody: 372752"
time=2026-05-05T09:21:59.801+10:00 level=INFO msg="Calling smtp.Sendmail..."
time=2026-05-05T09:22:14.992+10:00 level=INFO msg="--> UserController: ProcessOTP"
time=2026-05-05T09:23:54.411+10:00 level=INFO msg="SendMail with \nreciepient: alice@example.com\nsubject: Verification Code\nbody: 622728"
time=2026-05-05T09:23:54.411+10:00 level=INFO msg="Calling smtp.Sendmail..."
time=2026-05-05T09:28:10.327+10:00 level=INFO msg="received shutdown signal..."
time=2026-05-05T09:28:10.327+10:00 level=INFO msg="HTTP server stopped"
time=2026-05-05T09:28:11.431+10:00 level=INFO msg="Setting up the Controllers"
time=2026-05-05T09:28:11.432+10:00 level=INFO msg="Setting up the Mux"
time=2026-05-05T09:28:11.432+10:00 level=INFO msg="calling setupGracefulShutdown"
time=2026-05-05T09:28:11.432+10:00 level=INFO msg="starting the server..."
time=2026-05-05T09:28:29.961+10:00 level=INFO msg="SendMail with \nreciepient: alice@example.com\nsubject: Verification Code\nbody: 267210"
time=2026-05-05T09:28:29.961+10:00 level=INFO msg="Calling smtp.Sendmail..."
time=2026-05-05T09:28:36.985+10:00 level=INFO msg="--> UserController: ProcessOTP"
time=2026-05-05T09:28:40.410+10:00 level=INFO msg="--> UserController: Logout()..."
time=2026-05-05T09:29:28.223+10:00 level=INFO msg="received shutdown signal..."
time=2026-05-05T09:29:28.223+10:00 level=INFO msg="HTTP server stopped"
time=2026-05-05T09:29:29.366+10:00 level=INFO msg="Setting up the Controllers"
time=2026-05-05T09:29:29.368+10:00 level=INFO msg="Setting up the Mux"
time=2026-05-05T09:29:29.369+10:00 level=INFO msg="calling setupGracefulShutdown"
time=2026-05-05T09:29:29.369+10:00 level=INFO msg="starting the server..."
time=2026-05-05T09:29:34.277+10:00 level=INFO msg="--> UserController: Logout()..."
time=2026-05-05T09:29:34.278+10:00 level=INFO msg="http: panic serving [::1]:49472: runtime error: invalid memory address or nil pointer dereference\ngoroutine 21 [running]:\nnet/http.(*conn).serve.func1()\n\t/usr/local/go/src/net/http/server.go:1943 +0xb4\npanic({0x10056ed40?, 0x1008d85b0?})\n\t/usr/local/go/src/runtime/panic.go:783 +0x120\nphotos.com/controllers.(*UsersController).Logout(0x140001e8bd0, {0x1005ecab8, 0x1400020eb40}, 0x14000228000)\n\t/Users/michaelwalsh/coding/go/go-otp/controllers/users.go:254 +0xc0\nnet/http.HandlerFunc.ServeHTTP(0x1400020c000?, {0x1005ecab8?, 0x1400020eb40?}, 0x100356a58?)\n\t/usr/local/go/src/net/http/server.go:2322 +0x38\nnet/http.(*ServeMux).ServeHTTP(0x140001a8fe0?, {0x1005ecab8, 0x1400020eb40}, 0x14000228000)\n\t/usr/local/go/src/net/http/server.go:2861 +0x190\nnet/http.serverHandler.ServeHTTP({0x14000208100?}, {0x1005ecab8?, 0x1400020eb40?}, 0x6?)\n\t/usr/local/go/src/net/http/server.go:3340 +0xb0\nnet/http.(*conn).serve(0x14000210120, {0x1005ed1f8, 0x1400020a390})\n\t/usr/local/go/src/net/http/server.go:2109 +0x528\ncreated by net/http.(*Server).Serve in goroutine 1\n\t/usr/local/go/src/net/http/server.go:3493 +0x384"
time=2026-05-05T09:29:34.279+10:00 level=INFO msg="--> UserController: Logout()..."
time=2026-05-05T09:29:34.279+10:00 level=INFO msg="http: panic serving [::1]:49473: runtime error: invalid memory address or nil pointer dereference\ngoroutine 23 [running]:\nnet/http.(*conn).serve.func1()\n\t/usr/local/go/src/net/http/server.go:1943 +0xb4\npanic({0x10056ed40?, 0x1008d85b0?})\n\t/usr/local/go/src/runtime/panic.go:783 +0x120\nphotos.com/controllers.(*UsersController).Logout(0x140001e8bd0, {0x1005ecab8, 0x1400020ec30}, 0x14000228140)\n\t/Users/michaelwalsh/coding/go/go-otp/controllers/users.go:254 +0xc0\nnet/http.HandlerFunc.ServeHTTP(0x1400020c000?, {0x1005ecab8?, 0x1400020ec30?}, 0x100356a58?)\n\t/usr/local/go/src/net/http/server.go:2322 +0x38\nnet/http.(*ServeMux).ServeHTTP(0x140001a90a0?, {0x1005ecab8, 0x1400020ec30}, 0x14000228140)\n\t/usr/local/go/src/net/http/server.go:2861 +0x190\nnet/http.serverHandler.ServeHTTP({0x14000208240?}, {0x1005ecab8?, 0x1400020ec30?}, 0x6?)\n\t/usr/local/go/src/net/http/server.go:3340 +0xb0\nnet/http.(*conn).serve(0x14000210360, {0x1005ed1f8, 0x1400020a390})\n\t/usr/local/go/src/net/http/server.go:2109 +0x528\ncreated by net/http.(*Server).Serve in goroutine 1\n\t/usr/local/go/src/net/http/server.go:3493 +0x384"
time=2026-05-05T09:29:34.281+10:00 level=INFO msg="--> UserController: Logout()..."
time=2026-05-05T09:29:34.281+10:00 level=INFO msg="http: panic serving [::1]:49474: runtime error: invalid memory address or nil pointer dereference\ngoroutine 25 [running]:\nnet/http.(*conn).serve.func1()\n\t/usr/local/go/src/net/http/server.go:1943 +0xb4\npanic({0x10056ed40?, 0x1008d85b0?})\n\t/usr/local/go/src/runtime/panic.go:783 +0x120\nphotos.com/controllers.(*UsersController).Logout(0x140001e8bd0, {0x1005ecab8, 0x140002b6000}, 0x14000228280)\n\t/Users/michaelwalsh/coding/go/go-otp/controllers/users.go:254 +0xc0\nnet/http.HandlerFunc.ServeHTTP(0x1400020c000?, {0x1005ecab8?, 0x140002b6000?}, 0x100356a58?)\n\t/usr/local/go/src/net/http/server.go:2322 +0x38\nnet/http.(*ServeMux).ServeHTTP(0x140002a4000?, {0x1005ecab8, 0x140002b6000}, 0x14000228280)\n\t/usr/local/go/src/net/http/server.go:2861 +0x190\nnet/http.serverHandler.ServeHTTP({0x14000208300?}, {0x1005ecab8?, 0x140002b6000?}, 0x6?)\n\t/usr/local/go/src/net/http/server.go:3340 +0xb0\nnet/http.(*conn).serve(0x14000210510, {0x1005ed1f8, 0x1400020a390})\n\t/usr/local/go/src/net/http/server.go:2109 +0x528\ncreated by net/http.(*Server).Serve in goroutine 1\n\t/usr/local/go/src/net/http/server.go:3493 +0x384"
time=2026-05-05T09:29:52.461+10:00 level=INFO msg="SendMail with \nreciepient: alice@example.com\nsubject: Verification Code\nbody: 958869"
time=2026-05-05T09:29:52.461+10:00 level=INFO msg="Calling smtp.Sendmail..."
time=2026-05-05T09:30:00.533+10:00 level=INFO msg="--> UserController: ProcessOTP"
time=2026-05-05T09:30:02.808+10:00 level=INFO msg="--> UserController: Logout()..."
time=2026-05-05T09:30:11.378+10:00 level=INFO msg="received shutdown signal..."
time=2026-05-05T09:30:11.379+10:00 level=INFO msg="HTTP server stopped"
time=2026-05-05T13:12:08.726+10:00 level=INFO msg="Setting up the Controllers"
time=2026-05-05T13:12:08.730+10:00 level=INFO msg="Setting up the Mux"
time=2026-05-05T13:12:08.730+10:00 level=INFO msg="calling setupGracefulShutdown"
time=2026-05-05T13:12:08.730+10:00 level=INFO msg="starting the server..."
time=2026-05-05T13:12:33.562+10:00 level=INFO msg="SendMail with \nreciepient: alice@example.com\nsubject: Verification Code\nbody: 798179"
time=2026-05-05T13:12:33.562+10:00 level=INFO msg="Calling smtp.Sendmail..."
time=2026-05-05T13:12:35.339+10:00 level=INFO msg="--> UserController: Logout()..."
time=2026-05-05T13:12:46.299+10:00 level=INFO msg="SendMail with \nreciepient: alice@example.com\nsubject: Verification Code\nbody: 917443"
time=2026-05-05T13:12:46.299+10:00 level=INFO msg="Calling smtp.Sendmail..."
time=2026-05-05T13:13:01.481+10:00 level=INFO msg="--> UserController: ProcessOTP"
time=2026-05-05T13:13:15.020+10:00 level=INFO msg="--> UserController: Logout()..."
time=2026-05-05T13:13:29.756+10:00 level=INFO msg="received shutdown signal..."
time=2026-05-05T13:24:02.143+10:00 level=INFO msg="Setting up the Controllers"
time=2026-05-05T13:24:02.148+10:00 level=INFO msg="Setting up the Mux"
time=2026-05-05T13:24:02.148+10:00 level=INFO msg="calling setupGracefulShutdown"
time=2026-05-05T13:24:02.149+10:00 level=INFO msg="starting the server..."
time=2026-05-05T13:24:05.238+10:00 level=INFO msg="http: superfluous response.WriteHeader call from photos.com/views.(*View).Render (view.go:66)"
time=2026-05-05T13:24:05.239+10:00 level=INFO msg="template error: template: navbar.html:27:18: executing \"navbar\" at <.User.ID>: nil pointer evaluating *models.User.ID"
time=2026-05-05T13:26:06.580+10:00 level=INFO msg="received shutdown signal..."
time=2026-05-05T13:26:06.580+10:00 level=INFO msg="HTTP server stopped"
time=2026-05-05T13:26:08.092+10:00 level=INFO msg="Setting up the Controllers"
time=2026-05-05T13:26:08.094+10:00 level=INFO msg="Setting up the Mux"
time=2026-05-05T13:26:08.094+10:00 level=INFO msg="calling setupGracefulShutdown"
time=2026-05-05T13:26:08.094+10:00 level=INFO msg="starting the server..."
time=2026-05-05T13:26:29.237+10:00 level=INFO msg="SendMail with \nreciepient: alice@example.com\nsubject: Verification Code\nbody: 473408"
time=2026-05-05T13:26:29.237+10:00 level=INFO msg="Calling smtp.Sendmail..."
time=2026-05-05T13:27:44.772+10:00 level=INFO msg="received shutdown signal..."
time=2026-05-05T13:27:44.772+10:00 level=INFO msg="HTTP server stopped"
time=2026-05-05T13:27:45.476+10:00 level=INFO msg="Setting up the Controllers"
time=2026-05-05T13:27:45.477+10:00 level=INFO msg="Setting up the Mux"
time=2026-05-05T13:27:45.477+10:00 level=INFO msg="calling setupGracefulShutdown"
time=2026-05-05T13:27:45.477+10:00 level=INFO msg="starting the server..."
time=2026-05-05T13:28:00.273+10:00 level=INFO msg="SendMail with \nreciepient: alice@example.com\nsubject: Verification Code\nbody: 383307"
time=2026-05-05T13:28:00.273+10:00 level=INFO msg="Calling smtp.Sendmail..."
time=2026-05-05T13:28:14.892+10:00 level=INFO msg="--> UserController: ProcessOTP"
time=2026-05-05T13:28:34.358+10:00 level=INFO msg="--> UserController: ProcessOTP"
time=2026-05-05T13:28:39.948+10:00 level=INFO msg="--> UserController: Logout()..."
time=2026-05-05T13:32:54.251+10:00 level=INFO msg="SendMail with \nreciepient: alice@example.com\nsubject: Verification Code\nbody: 103145"
time=2026-05-05T13:32:54.251+10:00 level=INFO msg="Calling smtp.Sendmail..."
time=2026-05-05T13:33:20.899+10:00 level=INFO msg="--> UserController: ProcessOTP"
time=2026-05-05T13:33:23.437+10:00 level=INFO msg="--> UserController: Logout()..."
time=2026-05-05T13:37:49.271+10:00 level=INFO msg="SendMail with \nreciepient: alice@example.com\nsubject: Verification Code\nbody: 460262"
time=2026-05-05T13:37:49.271+10:00 level=INFO msg="Calling smtp.Sendmail..."
time=2026-05-05T13:38:08.937+10:00 level=INFO msg="--> UserController: ProcessOTP"
time=2026-05-05T13:38:45.127+10:00 level=INFO msg="--> UserController: ProcessOTP"
time=2026-05-05T13:38:49.213+10:00 level=INFO msg="--> UserController: ProcessOTP"
time=2026-05-05T13:38:49.304+10:00 level=INFO msg="SendMail with \nreciepient: alice@example.com\nsubject: Verification Code\nbody: 776657"
time=2026-05-05T13:38:49.304+10:00 level=INFO msg="Calling smtp.Sendmail..."
time=2026-05-05T13:38:57.705+10:00 level=INFO msg="--> UserController: ProcessOTP"
time=2026-05-05T13:42:55.241+10:00 level=INFO msg="received shutdown signal..."
time=2026-05-05T13:42:55.241+10:00 level=INFO msg="HTTP server stopped"
time=2026-05-05T13:42:56.758+10:00 level=INFO msg="Setting up the Controllers"
time=2026-05-05T13:42:56.761+10:00 level=INFO msg="Setting up the Mux"
time=2026-05-05T13:42:56.761+10:00 level=INFO msg="calling setupGracefulShutdown"
time=2026-05-05T13:42:56.761+10:00 level=INFO msg="starting the server..."
time=2026-05-05T13:43:10.585+10:00 level=INFO msg="SendMail with \nreciepient: alice@example.com\nsubject: Verification Code\nbody: 162730"
time=2026-05-05T13:43:10.585+10:00 level=INFO msg="Calling smtp.Sendmail..."
time=2026-05-05T13:43:19.673+10:00 level=INFO msg="--> UserController: ProcessOTP"
time=2026-05-05T13:45:18.613+10:00 level=INFO msg="received shutdown signal..."
time=2026-05-05T13:45:18.613+10:00 level=INFO msg="HTTP server stopped"
time=2026-05-05T13:45:19.915+10:00 level=INFO msg="Setting up the Controllers"
time=2026-05-05T13:45:19.917+10:00 level=INFO msg="Setting up the Mux"
time=2026-05-05T13:45:19.918+10:00 level=INFO msg="calling setupGracefulShutdown"
time=2026-05-05T13:45:19.918+10:00 level=INFO msg="starting the server..."
time=2026-05-05T13:45:35.368+10:00 level=INFO msg="SendMail with \nreciepient: alice@example.com\nsubject: Verification Code\nbody: 415091"
time=2026-05-05T13:45:35.368+10:00 level=INFO msg="Calling smtp.Sendmail..."
time=2026-05-05T13:45:44.357+10:00 level=INFO msg="--> UserController: ProcessOTP"
time=2026-05-05T13:54:22.032+10:00 level=INFO msg="received shutdown signal..."
time=2026-05-05T13:54:22.033+10:00 level=INFO msg="HTTP server stopped"
time=2026-05-05T13:54:23.610+10:00 level=INFO msg="Setting up the Controllers"
time=2026-05-05T13:54:23.614+10:00 level=INFO msg="Setting up the Mux"
time=2026-05-05T13:54:23.614+10:00 level=INFO msg="calling setupGracefulShutdown"
time=2026-05-05T13:54:23.614+10:00 level=INFO msg="starting the server..."
time=2026-05-05T13:54:31.792+10:00 level=INFO msg="SendMail with \nreciepient: alice@example.com\nsubject: Verification Code\nbody: 327747"
time=2026-05-05T13:54:31.792+10:00 level=INFO msg="Calling smtp.Sendmail..."
time=2026-05-05T13:54:39.013+10:00 level=INFO msg="--> UserController: ProcessOTP"
time=2026-05-05T13:55:10.813+10:00 level=INFO msg="received shutdown signal..."
time=2026-05-05T13:55:10.814+10:00 level=INFO msg="HTTP server stopped"
