time=2026-05-06T10:07:42.480+10:00 level=INFO msg="Setting up the Controllers"
time=2026-05-06T10:07:42.484+10:00 level=INFO msg="Setting up the Mux"
time=2026-05-06T10:07:42.484+10:00 level=INFO msg="calling setupGracefulShutdown"
time=2026-05-06T10:07:42.484+10:00 level=INFO msg="starting the server..."
time=2026-05-06T10:09:35.365+10:00 level=ERROR msg=mail.SendMail() "Failed to send email"="535 5.7.8 Username and Password not accepted. For more information, go to\n5.7.8  https://support.google.com/mail/?p=BadCredentials d2e1a72fcca58-839659487afsm3332521b3a.18 - gsmtp"
time=2026-05-06T10:11:23.496+10:00 level=INFO msg="received shutdown signal..."
time=2026-05-06T10:11:23.496+10:00 level=INFO msg="HTTP server stopped"
time=2026-05-06T10:44:47.865+10:00 level=INFO msg="Setting up the Controllers"
time=2026-05-06T10:44:47.870+10:00 level=INFO msg="Setting up the Mux"
time=2026-05-06T10:44:47.870+10:00 level=INFO msg="calling setupGracefulShutdown"
time=2026-05-06T10:44:47.871+10:00 level=INFO msg="starting the server..."
time=2026-05-06T10:47:41.240+10:00 level=INFO msg="received shutdown signal..."
time=2026-05-06T10:47:41.240+10:00 level=INFO msg="HTTP server stopped"
time=2026-05-06T10:47:42.601+10:00 level=INFO msg="Setting up the Controllers"
time=2026-05-06T10:47:42.603+10:00 level=INFO msg="Setting up the Mux"
time=2026-05-06T10:47:42.604+10:00 level=INFO msg="calling setupGracefulShutdown"
time=2026-05-06T10:47:42.604+10:00 level=INFO msg="starting the server..."
time=2026-05-06T10:48:40.114+10:00 level=INFO msg="received shutdown signal..."
time=2026-05-06T10:48:40.114+10:00 level=INFO msg="HTTP server stopped"
time=2026-05-06T10:48:40.706+10:00 level=INFO msg="Setting up the Controllers"
time=2026-05-06T10:48:40.706+10:00 level=INFO msg="Setting up the Mux"
time=2026-05-06T10:48:40.706+10:00 level=INFO msg="calling setupGracefulShutdown"
time=2026-05-06T10:48:40.706+10:00 level=INFO msg="starting the server..."
